<?xml version="1.0" encoding="UTF-8"?>
<!-- Generated by org.testng.reporters.JUnitReportReporter -->
<testsuite hostname="Mrunal" failures="0" tests="15" name="com.bridgelabz.qa.api_automation.Json_Server_Api_Automation_Test" time="3.566" errors="0" timestamp="2023-01-08T13:22:44 IST" skipped="0">
  <testcase classname="com.bridgelabz.qa.api_automation.Json_Server_Api_Automation_Test" name="create_Post" time="0.065"/>
  <system-out/>
  <testcase classname="com.bridgelabz.qa.api_automation.Json_Server_Api_Automation_Test" name="get_All_Comment_For_Perticular_Post" time="0.073"/>
  <system-out/>
  <testcase classname="com.bridgelabz.qa.api_automation.Json_Server_Api_Automation_Test" name="create_Profile" time="0.064"/>
  <system-out/>
  <testcase classname="com.bridgelabz.qa.api_automation.Json_Server_Api_Automation_Test" name="put_Update_Post" time="0.045"/>
  <system-out/>
  <testcase classname="com.bridgelabz.qa.api_automation.Json_Server_Api_Automation_Test" name="put_Update_Comment" time="0.044"/>
  <system-out/>
  <testcase classname="com.bridgelabz.qa.api_automation.Json_Server_Api_Automation_Test" name="get_Specific_Comment" time="0.044"/>
  <system-out/>
  <testcase classname="com.bridgelabz.qa.api_automation.Json_Server_Api_Automation_Test" name="get_All_Profile" time="0.045"/>
  <system-out/>
  <testcase classname="com.bridgelabz.qa.api_automation.Json_Server_Api_Automation_Test" name="get_Specific_Post" time="0.046"/>
  <system-out/>
  <testcase classname="com.bridgelabz.qa.api_automation.Json_Server_Api_Automation_Test" name="put_Update_Profile" time="0.043"/>
  <system-out/>
  <testcase classname="com.bridgelabz.qa.api_automation.Json_Server_Api_Automation_Test" name="get_All_Post" time="0.065"/>
  <system-out/>
  <testcase classname="com.bridgelabz.qa.api_automation.Json_Server_Api_Automation_Test" name="get_All_Comment" time="0.064"/>
  <system-out/>
  <testcase classname="com.bridgelabz.qa.api_automation.Json_Server_Api_Automation_Test" name="delete_Comment" time="0.095"/>
  <system-out/>
  <testcase classname="com.bridgelabz.qa.api_automation.Json_Server_Api_Automation_Test" name="create_Comment" time="2.770"/>
  <system-out/>
  <testcase classname="com.bridgelabz.qa.api_automation.Json_Server_Api_Automation_Test" name="delete_Post" time="0.060"/>
  <system-out/>
  <testcase classname="com.bridgelabz.qa.api_automation.Json_Server_Api_Automation_Test" name="patch_Update_Post" time="0.043"/>
  <system-out/>
</testsuite> <!-- com.bridgelabz.qa.api_automation.Json_Server_Api_Automation_Test -->
